{"logLevel":"debug","message":"multithreading is set to false"}
{"logLevel":"debug","message":"Using reflection to scan dependencies for gauge implementations..."}
SLF4J: Failed to load class "org.slf4j.impl.StaticLoggerBinder".
SLF4J: Defaulting to no-operation (NOP) logger implementation
SLF4J: See http://www.slf4j.org/codes.html#StaticLoggerBinder for further details.
log4j:WARN No appenders could be found for logger (io.grpc.netty.shaded.io.netty.util.internal.logging.InternalLoggerFactory).
log4j:WARN Please initialize the log4j system properly.
{"logLevel":"debug","message":"gauge-java took 942milliseconds to load and scan. This should be less than 'runner_connection_timeout' config value."}
{"logLevel":"debug","message":"run 'gauge config runner_connection_timeout' and verify that it is < 942"}
{"logLevel":"debug","message":"starting gRPC server..."}
{"logLevel":"debug","message":"started gRPC server on port 50131"}
{"logLevel":"info","message":"Listening on port:50131"}
{"logLevel":"debug","message":"Scanning packages for steps"}
{"logLevel":"debug","message":"Comparing 'CategoryPageStep.step1' and 'CategoryPageStep.step1'"}
{"logLevel":"debug","message":"Found Imdb sayfasi acilir in current project scope."}
{"logLevel":"debug","message":"Comparing 'CategoryPageStep.step2' and 'CategoryPageStep.step2'"}
{"logLevel":"debug","message":"Found Arama cubugunun sol tarafinda bulunan 'Menu' butonuna bas覺l覺r in current project scope."}
{"logLevel":"debug","message":"Scanning packages for hooks"}
{"logLevel":"debug","message":"Scanned steps (using static parsing + reflections): "}
{"logLevel":"debug","message":"\tArama cubugunun sol tarafinda bulunan 'Menu' butonuna bas覺l覺r : public void step2()"}
{"logLevel":"debug","message":"\tImdb sayfasi acilir : public void step1()"}
{"logLevel":"debug","message":"Killing Java runner..."}
{"logLevel":"debug","message":"Stopping execution pool..."}
{"logLevel":"debug","message":"Shutting down grpc server..."}
{"logLevel":"debug","message":"Runner killed gracefully."}
